<?xml version="1.0" encoding="UTF-8"?>
<testsuite xmlns:xsi="http://www.w3.org/2001/XMLSchema-instance" xsi:noNamespaceSchemaLocation="https://maven.apache.org/surefire/maven-surefire-plugin/xsd/surefire-test-report.xsd" version="3.0.2" name="br.com.forumhub.forumhub.ForumhubApplicationTests" time="14.707" tests="1" errors="0" skipped="0" failures="0">
  <properties>
[...]
</properties>
  <testcase name="contextLoads" classname="br.com.forumhub.forumhub.ForumhubApplicationTests" time="1.371">
    <system-out><![CDATA[13:57:44.343 [main] INFO org.springframework.test.context.support.AnnotationConfigContextLoaderUtils -- Could not detect default configuration classes for test class [br.com.forumhub.forumhub.ForumhubApplicationTests]: ForumhubApplicationTests does not declare any static, non-private, non-final, nested classes annotated with @Configuration.
13:57:44.650 [main] INFO org.springframework.boot.test.context.SpringBootTestContextBootstrapper -- Found @SpringBootConfiguration br.com.forumhub.forumhub.ForumhubApplication for test class br.com.forumhub.forumhub.ForumhubApplicationTests

  .   ____          _            __ _ _
 /\\ / ___'_ __ _ _(_)_ __  __ _ \ \ \ \
( ( )\___ | '_ | '_| | '_ \/ _` | \ \ \ \
 \\/  ___)| |_)| | | | | || (_| |  ) ) ) )
  '  |____| .__|_| |_|_| |_\__, | / / / /
 =========|_|==============|___/=/_/_/_/

 :: Spring Boot ::                (v3.4.1)

2025-01-21T13:57:45.999-03:00  INFO 6248 --- [           main] b.c.f.forumhub.ForumhubApplicationTests  : Starting ForumhubApplicationTests using Java 17.0.12 with PID 6248 (started by User in C:\Users\User\Desktop\Challenge forum\forumhub)
2025-01-21T13:57:46.003-03:00  INFO 6248 --- [           main] b.c.f.forumhub.ForumhubApplicationTests  : No active profile set, falling back to 1 default profile: "default"
2025-01-21T13:57:48.039-03:00  INFO 6248 --- [           main] .s.d.r.c.RepositoryConfigurationDelegate : Bootstrapping Spring Data JPA repositories in DEFAULT mode.
2025-01-21T13:57:48.202-03:00  INFO 6248 --- [           main] .s.d.r.c.RepositoryConfigurationDelegate : Finished Spring Data repository scanning in 131 ms. Found 1 JPA repository interface.
2025-01-21T13:57:49.770-03:00  INFO 6248 --- [           main] o.hibernate.jpa.internal.util.LogHelper  : HHH000204: Processing PersistenceUnitInfo [name: default]
2025-01-21T13:57:49.970-03:00  INFO 6248 --- [           main] org.hibernate.Version                    : HHH000412: Hibernate ORM core version 6.6.4.Final
2025-01-21T13:57:50.096-03:00  INFO 6248 --- [           main] o.h.c.internal.RegionFactoryInitiator    : HHH000026: Second-level cache disabled
2025-01-21T13:57:51.118-03:00  INFO 6248 --- [           main] o.s.o.j.p.SpringPersistenceUnitInfo      : No LoadTimeWeaver setup: ignoring JPA class transformer
2025-01-21T13:57:51.216-03:00  INFO 6248 --- [           main] com.zaxxer.hikari.HikariDataSource       : HikariPool-1 - Starting...
2025-01-21T13:57:51.760-03:00  INFO 6248 --- [           main] com.zaxxer.hikari.pool.HikariPool        : HikariPool-1 - Added connection org.postgresql.jdbc.PgConnection@eded048
2025-01-21T13:57:51.766-03:00  INFO 6248 --- [           main] com.zaxxer.hikari.HikariDataSource       : HikariPool-1 - Start completed.
2025-01-21T13:57:51.873-03:00  WARN 6248 --- [           main] org.hibernate.orm.deprecation            : HHH90000025: PostgreSQLDialect does not need to be specified explicitly using 'hibernate.dialect' (remove the property setting and it will be selected by default)
2025-01-21T13:57:51.958-03:00  INFO 6248 --- [           main] org.hibernate.orm.connections.pooling    : HHH10001005: Database info:
	Database JDBC URL [Connecting through datasource 'HikariDataSource (HikariPool-1)']
	Database driver: undefined/unknown
	Database version: 17.2
	Autocommit mode: undefined/unknown
	Isolation level: undefined/unknown
	Minimum pool size: undefined/unknown
	Maximum pool size: undefined/unknown
2025-01-21T13:57:54.516-03:00  INFO 6248 --- [           main] o.h.e.t.j.p.i.JtaPlatformInitiator       : HHH000489: No JTA platform available (set 'hibernate.transaction.jta.platform' to enable JTA platform integration)
2025-01-21T13:57:54.623-03:00  INFO 6248 --- [           main] j.LocalContainerEntityManagerFactoryBean : Initialized JPA EntityManagerFactory for persistence unit 'default'
2025-01-21T13:57:55.313-03:00  WARN 6248 --- [           main] JpaBaseConfiguration$JpaWebConfiguration : spring.jpa.open-in-view is enabled by default. Therefore, database queries may be performed during view rendering. Explicitly configure spring.jpa.open-in-view to disable this warning
2025-01-21T13:57:55.418-03:00  WARN 6248 --- [           main] .s.s.UserDetailsServiceAutoConfiguration : 

Using generated security password: 39f72670-6130-40c9-8611-b0abce108099

This generated password is for development use only. Your security configuration must be updated before running your application in production.

2025-01-21T13:57:55.439-03:00  INFO 6248 --- [           main] r$InitializeUserDetailsManagerConfigurer : Global AuthenticationManager configured with UserDetailsService bean with name inMemoryUserDetailsManager
2025-01-21T13:57:57.264-03:00  INFO 6248 --- [           main] b.c.f.forumhub.ForumhubApplicationTests  : Started ForumhubApplicationTests in 12.129 seconds (process running for 14.879)
]]></system-out>
  </testcase>
</testsuite>